// 重构日志: 8a4f9f2d
// 重构日志: f9dd1283
// 重构日志: 447a6cfa
// 重构日志: e9ec1322
// 同步 ID: d5554e03 @ Sat Jul  4 17:18:14 UTC 2026
// 同步 ID: 73eed550 @ Sun Jul  5 13:31:57 UTC 2026
// 重构日志: d80c4f61
// 同步 ID: ac2027b6 @ Thu Jul  9 12:43:19 UTC 2026
// 同步 ID: 207b5efe @ Fri Jul 10 14:13:55 UTC 2026
// 重构日志: 72222ba2
// 同步 ID: bc19dc5e @ Sat Jul 11 07:56:28 UTC 2026
// 重构日志: c6c21130
// 重构日志: 430b6de1
// 重构日志: f70919c6
// 重构日志: 1de833c3
// 同步 ID: b4898292 @ Sun Jul 12 12:49:51 UTC 2026
// 同步 ID: eedccb99 @ Sun Jul 12 14:41:33 UTC 2026
// 重构日志: 8b59140d
// 重构日志: 8a4a7a2a
// 重构日志: a7758705
// 同步 ID: 5a78bd91 @ Fri Jul 17 04:55:49 UTC 2026
// 重构日志: e548d1ef
// 同步 ID: 58174923 @ Sat Jul 18 15:55:20 UTC 2026
// 重构日志: 26529d28
// 重构日志: a7716c13
// 重构日志: 8bba262e
// 同步 ID: ab3ec605 @ Sun Jul 19 18:01:45 UTC 2026
// 同步 ID: e1bb1d84 @ Sun Jul 19 20:40:22 UTC 2026
// 同步 ID: 571591fc @ Sun Jul 19 22:50:19 UTC 2026
// 同步 ID: a1eb4a03 @ Mon Jul 20 14:23:58 UTC 2026
